# JRE version: OpenJDK Runtime Environment (16.0.2+7) (build 16.0.2+7-67)
# Java VM: OpenJDK 64-Bit Server VM (16.0.2+7-67, mixed mode, tiered, compressed oops, compressed class ptrs, g1 gc, windows-amd64)
GC Precious Log:
 CPUs: 4 total, 4 available
 Memory: 1940M
 Large Page Support: Disabled
 NUMA Support: Disabled
 Compressed Oops: Enabled (32-bit)
 Heap Region Size: 1M
 Heap Min Capacity: 8M
 Heap Initial Capacity: 32M
 Heap Max Capacity: 486M
 Pre-touch: Disabled
 Parallel Workers: 4
 Concurrent Workers: 1
 Concurrent Refinement Workers: 4
 Periodic GC: Disabled
Heap:
 garbage-first heap   total 79872K, used 21758K [0x00000000e1a00000, 0x0000000100000000)
  region size 1024K, 3 young (3072K), 3 survivors (3072K)
 Metaspace       used 46616K, committed 46976K, reserved 1089536K
  class space    used 6156K, committed 6336K, reserved 1048576K
GC Heap History (20 events):
Event: 7.664 GC heap after
{Heap after GC invocations=10 (full 0):
 garbage-first heap   total 39936K, used 13467K [0x00000000e1a00000, 0x0000000100000000)
  region size 1024K, 2 young (2048K), 2 survivors (2048K)
 Metaspace       used 27053K, committed 27328K, reserved 1081344K
  class space    used 3247K, committed 3328K, reserved 1048576K
}
Event: 7.670 GC heap before
{Heap before GC invocations=10 (full 0):
 garbage-first heap   total 39936K, used 28827K [0x00000000e1a00000, 0x0000000100000000)
  region size 1024K, 18 young (18432K), 2 survivors (2048K)
 Metaspace       used 27110K, committed 27392K, reserved 1081344K
  class space    used 3255K, committed 3392K, reserved 1048576K
}
Event: 7.672 GC heap after
{Heap after GC invocations=11 (full 0):
 garbage-first heap   total 39936K, used 13463K [0x00000000e1a00000, 0x0000000100000000)
  region size 1024K, 2 young (2048K), 2 survivors (2048K)
 Metaspace       used 27110K, committed 27392K, reserved 1081344K
  class space    used 3255K, committed 3392K, reserved 1048576K
}
Event: 7.793 GC heap before
{Heap before GC invocations=11 (full 0):
 garbage-first heap   total 39936K, used 29847K [0x00000000e1a00000, 0x0000000100000000)
  region size 1024K, 19 young (19456K), 2 survivors (2048K)
 Metaspace       used 29139K, committed 29376K, reserved 1081344K
  class space    used 3502K, committed 3584K, reserved 1048576K
}
Event: 7.796 GC heap after
{Heap after GC invocations=12 (full 0):
 garbage-first heap   total 39936K, used 13946K [0x00000000e1a00000, 0x0000000100000000)
  region size 1024K, 2 young (2048K), 2 survivors (2048K)
 Metaspace       used 29139K, committed 29376K, reserved 1081344K
  class space    used 3502K, committed 3584K, reserved 1048576K
}
Event: 8.401 GC heap before
{Heap before GC invocations=12 (full 0):
 garbage-first heap   total 39936K, used 30330K [0x00000000e1a00000, 0x0000000100000000)
  region size 1024K, 19 young (19456K), 2 survivors (2048K)
 Metaspace       used 30263K, committed 30656K, reserved 1081344K
  class space    used 3699K, committed 3904K, reserved 1048576K
}
Event: 8.408 GC heap after
{Heap after GC invocations=13 (full 0):
 garbage-first heap   total 79872K, used 14902K [0x00000000e1a00000, 0x0000000100000000)
  region size 1024K, 2 young (2048K), 2 survivors (2048K)
 Metaspace       used 30263K, committed 30656K, reserved 1081344K
  class space    used 3699K, committed 3904K, reserved 1048576K
}
Event: 10.046 GC heap before
{Heap before GC invocations=13 (full 0):
 garbage-first heap   total 79872K, used 48694K [0x00000000e1a00000, 0x0000000100000000)
  region size 1024K, 36 young (36864K), 2 survivors (2048K)
 Metaspace       used 35283K, committed 35648K, reserved 1081344K
  class space    used 4528K, committed 4672K, reserved 1048576K
}
Event: 10.059 GC heap after
{Heap after GC invocations=14 (full 0):
 garbage-first heap   total 79872K, used 17126K [0x00000000e1a00000, 0x0000000100000000)
  region size 1024K, 4 young (4096K), 4 survivors (4096K)
 Metaspace       used 35283K, committed 35648K, reserved 1081344K
  class space    used 4528K, committed 4672K, reserved 1048576K
}
Event: 10.932 GC heap before
{Heap before GC invocations=15 (full 0):
 garbage-first heap   total 61440K, used 48870K [0x00000000e1a00000, 0x0000000100000000)
  region size 1024K, 36 young (36864K), 4 survivors (4096K)
 Metaspace       used 38717K, committed 39104K, reserved 1089536K
  class space    used 4990K, committed 5184K, reserved 1048576K
}
Event: 10.950 GC heap after
{Heap after GC invocations=16 (full 0):
 garbage-first heap   total 61440K, used 18977K [0x00000000e1a00000, 0x0000000100000000)
  region size 1024K, 5 young (5120K), 5 survivors (5120K)
 Metaspace       used 38717K, committed 39104K, reserved 1089536K
  class space    used 4990K, committed 5184K, reserved 1048576K
}
Event: 10.957 GC heap before
{Heap before GC invocations=16 (full 0):
 garbage-first heap   total 61440K, used 46625K [0x00000000e1a00000, 0x0000000100000000)
  region size 1024K, 33 young (33792K), 5 survivors (5120K)
 Metaspace       used 38717K, committed 39104K, reserved 1089536K
  class space    used 4990K, committed 5184K, reserved 1048576K
}
Event: 10.969 GC heap after
{Heap after GC invocations=17 (full 0):
 garbage-first heap   total 61440K, used 19233K [0x00000000e1a00000, 0x0000000100000000)
  region size 1024K, 3 young (3072K), 3 survivors (3072K)
 Metaspace       used 38717K, committed 39104K, reserved 1089536K
  class space    used 4990K, committed 5184K, reserved 1048576K
}
Event: 11.106 GC heap before
{Heap before GC invocations=17 (full 0):
 garbage-first heap   total 61440K, used 47905K [0x00000000e1a00000, 0x0000000100000000)
  region size 1024K, 32 young (32768K), 3 survivors (3072K)
 Metaspace       used 39017K, committed 39424K, reserved 1089536K
  class space    used 5025K, committed 5248K, reserved 1048576K
}
Event: 11.112 GC heap after
{Heap after GC invocations=18 (full 0):
 garbage-first heap   total 61440K, used 19504K [0x00000000e1a00000, 0x0000000100000000)
  region size 1024K, 1 young (1024K), 1 survivors (1024K)
 Metaspace       used 39017K, committed 39424K, reserved 1089536K
  class space    used 5025K, committed 5248K, reserved 1048576K
}
Event: 11.385 GC heap before
{Heap before GC invocations=18 (full 0):
 garbage-first heap   total 61440K, used 49200K [0x00000000e1a00000, 0x0000000100000000)
  region size 1024K, 31 young (31744K), 1 survivors (1024K)
 Metaspace       used 40540K, committed 40960K, reserved 1089536K
  class space    used 5194K, committed 5376K, reserved 1048576K
}
Event: 11.390 GC heap after
{Heap after GC invocations=19 (full 0):
 garbage-first heap   total 61440K, used 20884K [0x00000000e1a00000, 0x0000000100000000)
  region size 1024K, 2 young (2048K), 2 survivors (2048K)
 Metaspace       used 40540K, committed 40960K, reserved 1089536K
  class space    used 5194K, committed 5376K, reserved 1048576K
}
Event: 11.468 GC heap before
{Heap before GC invocations=19 (full 0):
 garbage-first heap   total 61440K, used 48532K [0x00000000e1a00000, 0x0000000100000000)
  region size 1024K, 30 young (30720K), 2 survivors (2048K)
 Metaspace       used 40608K, committed 41024K, reserved 1089536K
  class space    used 5205K, committed 5376K, reserved 1048576K
}
Event: 11.471 GC heap after
{Heap after GC invocations=20 (full 0):
 garbage-first heap   total 61440K, used 20994K [0x00000000e1a00000, 0x0000000100000000)
  region size 1024K, 2 young (2048K), 2 survivors (2048K)
 Metaspace       used 40608K, committed 41024K, reserved 1089536K
  class space    used 5205K, committed 5376K, reserved 1048576K
}
Event: 12.437 GC heap before
{Heap before GC invocations=20 (full 0):
 garbage-first heap   total 61440K, used 50690K [0x00000000e1a00000, 0x0000000100000000)
  region size 1024K, 31 young (31744K), 2 survivors (2048K)
 Metaspace       used 46616K, committed 46976K, reserved 1089536K
  class space    used 6156K, committed 6336K, reserved 1048576K
}

