# JRE version: OpenJDK Runtime Environment (16.0.2+7) (build 16.0.2+7-67)
# Java VM: OpenJDK 64-Bit Server VM (16.0.2+7-67, mixed mode, tiered, compressed oops, compressed class ptrs, g1 gc, windows-amd64)
GC Precious Log:
 CPUs: 4 total, 4 available
 Memory: 1940M
 Large Page Support: Disabled
 NUMA Support: Disabled
 Compressed Oops: Enabled (32-bit)
 Heap Region Size: 1M
 Heap Min Capacity: 8M
 Heap Initial Capacity: 32M
 Heap Max Capacity: 486M
 Pre-touch: Disabled
 Parallel Workers: 4
 Concurrent Workers: 1
 Concurrent Refinement Workers: 4
 Periodic GC: Disabled
Heap:
 garbage-first heap   total 78848K, used 23134K [0x00000000e1a00000, 0x0000000100000000)
  region size 1024K, 5 young (5120K), 5 survivors (5120K)
 Metaspace       used 49287K, committed 49728K, reserved 1097728K
  class space    used 6439K, committed 6656K, reserved 1048576K
GC Heap History (20 events):
Event: 8.201 GC heap after
{Heap after GC invocations=12 (full 0):
 garbage-first heap   total 39936K, used 13583K [0x00000000e1a00000, 0x0000000100000000)
  region size 1024K, 2 young (2048K), 2 survivors (2048K)
 Metaspace       used 28578K, committed 28864K, reserved 1081344K
  class space    used 3482K, committed 3584K, reserved 1048576K
}
Event: 8.401 GC heap before
{Heap before GC invocations=12 (full 0):
 garbage-first heap   total 39936K, used 29967K [0x00000000e1a00000, 0x0000000100000000)
  region size 1024K, 19 young (19456K), 2 survivors (2048K)
 Metaspace       used 29488K, committed 29824K, reserved 1081344K
  class space    used 3571K, committed 3712K, reserved 1048576K
}
Event: 8.405 GC heap after
{Heap after GC invocations=13 (full 0):
 garbage-first heap   total 39936K, used 13946K [0x00000000e1a00000, 0x0000000100000000)
  region size 1024K, 2 young (2048K), 2 survivors (2048K)
 Metaspace       used 29488K, committed 29824K, reserved 1081344K
  class space    used 3571K, committed 3712K, reserved 1048576K
}
Event: 8.787 GC heap before
{Heap before GC invocations=13 (full 0):
 garbage-first heap   total 39936K, used 31354K [0x00000000e1a00000, 0x0000000100000000)
  region size 1024K, 19 young (19456K), 2 survivors (2048K)
 Metaspace       used 30315K, committed 30720K, reserved 1081344K
  class space    used 3707K, committed 3904K, reserved 1048576K
}
Event: 8.793 GC heap after
{Heap after GC invocations=14 (full 0):
 garbage-first heap   total 39936K, used 14843K [0x00000000e1a00000, 0x0000000100000000)
  region size 1024K, 3 young (3072K), 3 survivors (3072K)
 Metaspace       used 30315K, committed 30720K, reserved 1081344K
  class space    used 3707K, committed 3904K, reserved 1048576K
}
Event: 9.408 GC heap before
{Heap before GC invocations=14 (full 0):
 garbage-first heap   total 39936K, used 31227K [0x00000000e1a00000, 0x0000000100000000)
  region size 1024K, 19 young (19456K), 3 survivors (3072K)
 Metaspace       used 32918K, committed 33280K, reserved 1081344K
  class space    used 4163K, committed 4352K, reserved 1048576K
}
Event: 9.417 GC heap after
{Heap after GC invocations=15 (full 0):
 garbage-first heap   total 39936K, used 15451K [0x00000000e1a00000, 0x0000000100000000)
  region size 1024K, 3 young (3072K), 3 survivors (3072K)
 Metaspace       used 32918K, committed 33280K, reserved 1081344K
  class space    used 4163K, committed 4352K, reserved 1048576K
}
Event: 10.065 GC heap before
{Heap before GC invocations=15 (full 0):
 garbage-first heap   total 39936K, used 30811K [0x00000000e1a00000, 0x0000000100000000)
  region size 1024K, 19 young (19456K), 3 survivors (3072K)
 Metaspace       used 35225K, committed 35520K, reserved 1081344K
  class space    used 4516K, committed 4672K, reserved 1048576K
}
Event: 10.077 GC heap after
{Heap after GC invocations=16 (full 0):
 garbage-first heap   total 78848K, used 16799K [0x00000000e1a00000, 0x0000000100000000)
  region size 1024K, 3 young (3072K), 3 survivors (3072K)
 Metaspace       used 35225K, committed 35520K, reserved 1081344K
  class space    used 4516K, committed 4672K, reserved 1048576K
}
Event: 11.369 GC heap before
{Heap before GC invocations=17 (full 0):
 garbage-first heap   total 65536K, used 51615K [0x00000000e1a00000, 0x0000000100000000)
  region size 1024K, 38 young (38912K), 3 survivors (3072K)
 Metaspace       used 38689K, committed 39104K, reserved 1089536K
  class space    used 4989K, committed 5184K, reserved 1048576K
}
Event: 11.385 GC heap after
{Heap after GC invocations=18 (full 0):
 garbage-first heap   total 65536K, used 18842K [0x00000000e1a00000, 0x0000000100000000)
  region size 1024K, 5 young (5120K), 5 survivors (5120K)
 Metaspace       used 38689K, committed 39104K, reserved 1089536K
  class space    used 4989K, committed 5184K, reserved 1048576K
}
Event: 11.393 GC heap before
{Heap before GC invocations=18 (full 0):
 garbage-first heap   total 65536K, used 46490K [0x00000000e1a00000, 0x0000000100000000)
  region size 1024K, 33 young (33792K), 5 survivors (5120K)
 Metaspace       used 38689K, committed 39104K, reserved 1089536K
  class space    used 4989K, committed 5184K, reserved 1048576K
}
Event: 11.406 GC heap after
{Heap after GC invocations=19 (full 0):
 garbage-first heap   total 65536K, used 18956K [0x00000000e1a00000, 0x0000000100000000)
  region size 1024K, 3 young (3072K), 3 survivors (3072K)
 Metaspace       used 38689K, committed 39104K, reserved 1089536K
  class space    used 4989K, committed 5184K, reserved 1048576K
}
Event: 11.618 GC heap before
{Heap before GC invocations=19 (full 0):
 garbage-first heap   total 65536K, used 48652K [0x00000000e1a00000, 0x0000000100000000)
  region size 1024K, 33 young (33792K), 3 survivors (3072K)
 Metaspace       used 39006K, committed 39360K, reserved 1089536K
  class space    used 5025K, committed 5184K, reserved 1048576K
}
Event: 11.626 GC heap after
{Heap after GC invocations=20 (full 0):
 garbage-first heap   total 65536K, used 19104K [0x00000000e1a00000, 0x0000000100000000)
  region size 1024K, 3 young (3072K), 3 survivors (3072K)
 Metaspace       used 39006K, committed 39360K, reserved 1089536K
  class space    used 5025K, committed 5184K, reserved 1048576K
}
Event: 12.001 GC heap before
{Heap before GC invocations=20 (full 0):
 garbage-first heap   total 65536K, used 50848K [0x00000000e1a00000, 0x0000000100000000)
  region size 1024K, 35 young (35840K), 3 survivors (3072K)
 Metaspace       used 40546K, committed 40960K, reserved 1089536K
  class space    used 5194K, committed 5376K, reserved 1048576K
}
Event: 12.012 GC heap after
{Heap after GC invocations=21 (full 0):
 garbage-first heap   total 65536K, used 20587K [0x00000000e1a00000, 0x0000000100000000)
  region size 1024K, 4 young (4096K), 4 survivors (4096K)
 Metaspace       used 40546K, committed 40960K, reserved 1089536K
  class space    used 5194K, committed 5376K, reserved 1048576K
}
Event: 12.573 GC heap before
{Heap before GC invocations=21 (full 0):
 garbage-first heap   total 65536K, used 51307K [0x00000000e1a00000, 0x0000000100000000)
  region size 1024K, 35 young (35840K), 4 survivors (4096K)
 Metaspace       used 42067K, committed 42432K, reserved 1089536K
  class space    used 5376K, committed 5568K, reserved 1048576K
}
Event: 12.633 GC heap after
{Heap after GC invocations=22 (full 0):
 garbage-first heap   total 65536K, used 20539K [0x00000000e1a00000, 0x0000000100000000)
  region size 1024K, 2 young (2048K), 2 survivors (2048K)
 Metaspace       used 42067K, committed 42432K, reserved 1089536K
  class space    used 5376K, committed 5568K, reserved 1048576K
}
Event: 14.604 GC heap before
{Heap before GC invocations=22 (full 0):
 garbage-first heap   total 65536K, used 52283K [0x00000000e1a00000, 0x0000000100000000)
  region size 1024K, 33 young (33792K), 2 survivors (2048K)
 Metaspace       used 49287K, committed 49728K, reserved 1097728K
  class space    used 6439K, committed 6656K, reserved 1048576K
}

