# JRE version: OpenJDK Runtime Environment (16.0.2+7) (build 16.0.2+7-67)
# Java VM: OpenJDK 64-Bit Server VM (16.0.2+7-67, mixed mode, tiered, compressed oops, compressed class ptrs, g1 gc, windows-amd64)
GC Precious Log:
 CPUs: 4 total, 4 available
 Memory: 1940M
 Large Page Support: Disabled
 NUMA Support: Disabled
 Compressed Oops: Enabled (32-bit)
 Heap Region Size: 1M
 Heap Min Capacity: 8M
 Heap Initial Capacity: 32M
 Heap Max Capacity: 486M
 Pre-touch: Disabled
 Parallel Workers: 4
 Concurrent Workers: 1
 Concurrent Refinement Workers: 4
 Periodic GC: Disabled
Heap:
 garbage-first heap   total 39936K, used 19031K [0x00000000e1a00000, 0x0000000100000000)
  region size 1024K, 1 young (1024K), 1 survivors (1024K)
 Metaspace       used 38723K, committed 39104K, reserved 1089536K
  class space    used 4993K, committed 5184K, reserved 1048576K
GC Heap History (20 events):
Event: 7.399 GC heap after
{Heap after GC invocations=10 (full 0):
 garbage-first heap   total 32768K, used 13136K [0x00000000e1a00000, 0x0000000100000000)
  region size 1024K, 2 young (2048K), 2 survivors (2048K)
 Metaspace       used 26802K, committed 27072K, reserved 1073152K
  class space    used 3229K, committed 3328K, reserved 1048576K
}
Event: 7.404 GC heap before
{Heap before GC invocations=10 (full 0):
 garbage-first heap   total 32768K, used 22352K [0x00000000e1a00000, 0x0000000100000000)
  region size 1024K, 12 young (12288K), 2 survivors (2048K)
 Metaspace       used 26867K, committed 27136K, reserved 1073152K
  class space    used 3231K, committed 3328K, reserved 1048576K
}
Event: 7.407 GC heap after
{Heap after GC invocations=11 (full 0):
 garbage-first heap   total 39936K, used 13313K [0x00000000e1a00000, 0x0000000100000000)
  region size 1024K, 1 young (1024K), 1 survivors (1024K)
 Metaspace       used 26867K, committed 27136K, reserved 1073152K
  class space    used 3231K, committed 3328K, reserved 1048576K
}
Event: 7.422 GC heap before
{Heap before GC invocations=11 (full 0):
 garbage-first heap   total 39936K, used 28673K [0x00000000e1a00000, 0x0000000100000000)
  region size 1024K, 17 young (17408K), 1 survivors (1024K)
 Metaspace       used 26992K, committed 27264K, reserved 1081344K
  class space    used 3241K, committed 3328K, reserved 1048576K
}
Event: 7.424 GC heap after
{Heap after GC invocations=12 (full 0):
 garbage-first heap   total 39936K, used 13196K [0x00000000e1a00000, 0x0000000100000000)
  region size 1024K, 1 young (1024K), 1 survivors (1024K)
 Metaspace       used 26992K, committed 27264K, reserved 1081344K
  class space    used 3241K, committed 3328K, reserved 1048576K
}
Event: 7.927 GC heap before
{Heap before GC invocations=12 (full 0):
 garbage-first heap   total 39936K, used 30604K [0x00000000e1a00000, 0x0000000100000000)
  region size 1024K, 19 young (19456K), 1 survivors (1024K)
 Metaspace       used 28784K, committed 29120K, reserved 1081344K
  class space    used 3442K, committed 3584K, reserved 1048576K
}
Event: 7.930 GC heap after
{Heap after GC invocations=13 (full 0):
 garbage-first heap   total 39936K, used 13414K [0x00000000e1a00000, 0x0000000100000000)
  region size 1024K, 1 young (1024K), 1 survivors (1024K)
 Metaspace       used 28784K, committed 29120K, reserved 1081344K
  class space    used 3442K, committed 3584K, reserved 1048576K
}
Event: 8.487 GC heap before
{Heap before GC invocations=13 (full 0):
 garbage-first heap   total 39936K, used 31846K [0x00000000e1a00000, 0x0000000100000000)
  region size 1024K, 19 young (19456K), 1 survivors (1024K)
 Metaspace       used 30179K, committed 30528K, reserved 1081344K
  class space    used 3683K, committed 3840K, reserved 1048576K
}
Event: 8.491 GC heap after
{Heap after GC invocations=14 (full 0):
 garbage-first heap   total 39936K, used 14488K [0x00000000e1a00000, 0x0000000100000000)
  region size 1024K, 2 young (2048K), 2 survivors (2048K)
 Metaspace       used 30179K, committed 30528K, reserved 1081344K
  class space    used 3683K, committed 3840K, reserved 1048576K
}
Event: 9.062 GC heap before
{Heap before GC invocations=14 (full 0):
 garbage-first heap   total 39936K, used 31896K [0x00000000e1a00000, 0x0000000100000000)
  region size 1024K, 19 young (19456K), 2 survivors (2048K)
 Metaspace       used 32044K, committed 32448K, reserved 1081344K
  class space    used 3963K, committed 4160K, reserved 1048576K
}
Event: 9.069 GC heap after
{Heap after GC invocations=15 (full 0):
 garbage-first heap   total 39936K, used 15536K [0x00000000e1a00000, 0x0000000100000000)
  region size 1024K, 3 young (3072K), 3 survivors (3072K)
 Metaspace       used 32044K, committed 32448K, reserved 1081344K
  class space    used 3963K, committed 4160K, reserved 1048576K
}
Event: 9.810 GC heap before
{Heap before GC invocations=15 (full 0):
 garbage-first heap   total 39936K, used 31920K [0x00000000e1a00000, 0x0000000100000000)
  region size 1024K, 19 young (19456K), 3 survivors (3072K)
 Metaspace       used 34602K, committed 35008K, reserved 1081344K
  class space    used 4421K, committed 4608K, reserved 1048576K
}
Event: 9.819 GC heap after
{Heap after GC invocations=16 (full 0):
 garbage-first heap   total 39936K, used 16496K [0x00000000e1a00000, 0x0000000100000000)
  region size 1024K, 3 young (3072K), 3 survivors (3072K)
 Metaspace       used 34602K, committed 35008K, reserved 1081344K
  class space    used 4421K, committed 4608K, reserved 1048576K
}
Event: 9.994 GC heap before
{Heap before GC invocations=16 (full 0):
 garbage-first heap   total 39936K, used 20592K [0x00000000e1a00000, 0x0000000100000000)
  region size 1024K, 8 young (8192K), 3 survivors (3072K)
 Metaspace       used 35276K, committed 35648K, reserved 1081344K
  class space    used 4528K, committed 4672K, reserved 1048576K
}
Event: 10.000 GC heap after
{Heap after GC invocations=17 (full 0):
 garbage-first heap   total 39936K, used 16900K [0x00000000e1a00000, 0x0000000100000000)
  region size 1024K, 2 young (2048K), 2 survivors (2048K)
 Metaspace       used 35276K, committed 35648K, reserved 1081344K
  class space    used 4528K, committed 4672K, reserved 1048576K
}
Event: 10.501 GC heap before
{Heap before GC invocations=18 (full 0):
 garbage-first heap   total 39936K, used 31236K [0x00000000e1a00000, 0x0000000100000000)
  region size 1024K, 16 young (16384K), 2 survivors (2048K)
 Metaspace       used 37480K, committed 37888K, reserved 1089536K
  class space    used 4875K, committed 5056K, reserved 1048576K
}
Event: 10.512 GC heap after
{Heap after GC invocations=19 (full 0):
 garbage-first heap   total 39936K, used 18250K [0x00000000e1a00000, 0x0000000100000000)
  region size 1024K, 2 young (2048K), 2 survivors (2048K)
 Metaspace       used 37480K, committed 37888K, reserved 1089536K
  class space    used 4875K, committed 5056K, reserved 1048576K
}
Event: 10.723 GC heap before
{Heap before GC invocations=19 (full 0):
 garbage-first heap   total 39936K, used 30538K [0x00000000e1a00000, 0x0000000100000000)
  region size 1024K, 15 young (15360K), 2 survivors (2048K)
 Metaspace       used 38723K, committed 39104K, reserved 1089536K
  class space    used 4993K, committed 5184K, reserved 1048576K
}
Event: 10.732 GC heap after
{Heap after GC invocations=20 (full 0):
 garbage-first heap   total 39936K, used 19017K [0x00000000e1a00000, 0x0000000100000000)
  region size 1024K, 1 young (1024K), 1 survivors (1024K)
 Metaspace       used 38723K, committed 39104K, reserved 1089536K
  class space    used 4993K, committed 5184K, reserved 1048576K
}
Event: 10.787 GC heap before
{Heap before GC invocations=20 (full 0):
 garbage-first heap   total 39936K, used 30281K [0x00000000e1a00000, 0x0000000100000000)
  region size 1024K, 13 young (13312K), 1 survivors (1024K)
 Metaspace       used 38723K, committed 39104K, reserved 1089536K
  class space    used 4993K, committed 5184K, reserved 1048576K
}

